RUN	computerdatabase.ComputerDatabaseSimulation	computerdatabasesimulation	1680508639642	example	3.9.0
USER	Users	START	1680508641618
USER	Admins	START	1680508641618
USER	Users	START	1680508642292
REQUEST		Home	1680508641341	1680508642327	OK	 
REQUEST		Home	1680508641341	1680508642349	OK	 
REQUEST		Home Redirect 1	1680508642350	1680508642544	OK	 
REQUEST		Home Redirect 1	1680508642337	1680508642537	OK	 
REQUEST		Home	1680508642291	1680508643034	OK	 
REQUEST		Home Redirect 1	1680508643035	1680508643227	OK	 
USER	Users	START	1680508643300
REQUEST		Search	1680508643568	1680508643758	OK	 
REQUEST		Search	1680508643568	1680508643752	OK	 
REQUEST		Home	1680508643299	1680508644010	OK	 
REQUEST		Home Redirect 1	1680508644011	1680508644197	OK	 
USER	Users	START	1680508644290
REQUEST		Search	1680508644243	1680508644434	OK	 
REQUEST		Home	1680508644289	1680508644999	OK	 
REQUEST		Select	1680508644894	1680508645077	OK	 
REQUEST		Select	1680508644894	1680508645085	OK	 
REQUEST		Home Redirect 1	1680508645000	1680508645181	OK	 
USER	Users	START	1680508645297
REQUEST		Search	1680508645202	1680508645387	OK	 
REQUEST		Select	1680508645448	1680508645639	OK	 
REQUEST		Home	1680508645296	1680508646006	OK	 
REQUEST		Home Redirect 1	1680508646007	1680508646187	OK	 
REQUEST		Page 0	1680508646099	1680508646275	OK	 
REQUEST		Page 0	1680508646099	1680508646282	OK	 
USER	Admins	START	1680508646300
USER	Users	START	1680508646300
REQUEST		Search	1680508646189	1680508646366	OK	 
REQUEST		Select	1680508646393	1680508646577	OK	 
REQUEST		Page 0	1680508646655	1680508646845	OK	 
REQUEST		Home	1680508646299	1680508646995	OK	 
REQUEST		Home	1680508646299	1680508647005	OK	 
REQUEST		Home Redirect 1	1680508646996	1680508647178	OK	 
REQUEST		Home Redirect 1	1680508647006	1680508647191	OK	 
USER	Users	START	1680508647293
REQUEST		Search	1680508647200	1680508647377	OK	 
REQUEST		Page 1	1680508647292	1680508647468	OK	 
REQUEST		Page 1	1680508647292	1680508647482	OK	 
REQUEST		Select	1680508647369	1680508647548	OK	 
REQUEST		Page 0	1680508647585	1680508647760	OK	 
REQUEST		Home	1680508647292	1680508648014	OK	 
REQUEST		Page 1	1680508647862	1680508648052	OK	 
REQUEST		Home Redirect 1	1680508648015	1680508648203	OK	 
USER	Users	START	1680508648298
REQUEST		Search	1680508648190	1680508648364	OK	 
REQUEST		Search	1680508648205	1680508648387	OK	 
REQUEST		Select	1680508648390	1680508648565	OK	 
REQUEST		Page 2	1680508648483	1680508648672	OK	 
REQUEST		Page 2	1680508648498	1680508648687	OK	 
REQUEST		Page 0	1680508648561	1680508648736	OK	 
REQUEST		Page 1	1680508648763	1680508648946	OK	 
REQUEST		Home	1680508648297	1680508649026	OK	 
REQUEST		Home Redirect 1	1680508649026	1680508649216	OK	 
REQUEST		Page 2	1680508649058	1680508649240	OK	 
USER	Users	START	1680508649292
REQUEST		Search	1680508649213	1680508649400	OK	 
REQUEST		Select	1680508649383	1680508649556	OK	 
REQUEST		Select	1680508649398	1680508649580	OK	 
REQUEST		Page 0	1680508649570	1680508649748	OK	 
REQUEST		Page 3	1680508649678	1680508649852	OK	 
REQUEST		Page 3	1680508649694	1680508649883	OK	 
REQUEST		Page 1	1680508649740	1680508649917	OK	 
REQUEST		Home	1680508649291	1680508650018	OK	 
REQUEST		Page 2	1680508649956	1680508650131	OK	 
REQUEST		Home Redirect 1	1680508650018	1680508650204	OK	 
USER	Users	START	1680508650299
REQUEST		Search	1680508650221	1680508650407	OK	 
REQUEST		Page 3	1680508650251	1680508650433	OK	 
REQUEST		Select	1680508650405	1680508650591	OK	 
REQUEST		Page 0	1680508650560	1680508650733	OK	 
REQUEST		Page 0	1680508650591	1680508650766	OK	 
USER	Users	END	1680508650872
REQUEST		Page 1	1680508650761	1680508650936	OK	 
REQUEST		Home	1680508650298	1680508651034	OK	 
REQUEST		Form	1680508650900	1680508651081	OK	 
REQUEST		Page 2	1680508650930	1680508651106	OK	 
REQUEST		Home Redirect 1	1680508651034	1680508651219	OK	 
REQUEST		Page 3	1680508651146	1680508651321	OK	 
REQUEST		Search	1680508651208	1680508651390	OK	 
USER	Users	END	1680508651438
REQUEST		Select	1680508651422	1680508651601	OK	 
REQUEST		Page 0	1680508651593	1680508651771	OK	 
REQUEST		Page 1	1680508651746	1680508651919	OK	 
REQUEST		Page 1	1680508651777	1680508651952	OK	 
REQUEST		Page 2	1680508651948	1680508652123	OK	 
REQUEST		Post	1680508652091	1680508652273	OK	 
REQUEST		Page 3	1680508652120	1680508652295	OK	 
USER	Users	END	1680508652337
REQUEST		Search	1680508652229	1680508652411	OK	 
REQUEST		Post Redirect 1	1680508652282	1680508652465	KO	status.find.is(201), but actually found 200
REQUEST		Select	1680508652399	1680508652583	OK	 
REQUEST		Form	1680508652471	1680508652653	OK	 
REQUEST		Page 0	1680508652616	1680508652795	OK	 
REQUEST		Page 1	1680508652786	1680508652964	OK	 
REQUEST		Page 2	1680508652926	1680508653098	OK	 
REQUEST		Page 2	1680508652957	1680508653132	OK	 
USER	Users	END	1680508653297
REQUEST		Page 3	1680508653128	1680508653304	OK	 
REQUEST		Select	1680508653420	1680508653603	OK	 
REQUEST		Page 0	1680508653591	1680508653772	OK	 
REQUEST		Post	1680508653669	1680508653851	OK	 
REQUEST		Page 1	1680508653809	1680508653987	OK	 
REQUEST		Post Redirect 1	1680508653852	1680508654035	OK	 
USER	Admins	END	1680508654037
REQUEST		Page 2	1680508653981	1680508654159	OK	 
REQUEST		Page 3	1680508654105	1680508654277	OK	 
USER	Users	END	1680508654307
REQUEST		Page 3	1680508654137	1680508654311	OK	 
REQUEST		Page 0	1680508654617	1680508654799	OK	 
REQUEST		Page 1	1680508654788	1680508654970	OK	 
REQUEST		Page 2	1680508655003	1680508655182	OK	 
USER	Users	END	1680508655316
REQUEST		Page 3	1680508655176	1680508655354	OK	 
REQUEST		Form	1680508655284	1680508655456	OK	 
REQUEST		Page 1	1680508655812	1680508655994	OK	 
REQUEST		Page 2	1680508655985	1680508656167	OK	 
USER	Users	END	1680508656359
REQUEST		Page 3	1680508656187	1680508656365	OK	 
REQUEST		Post	1680508656467	1680508656638	OK	 
REQUEST		Post Redirect 1	1680508656639	1680508656810	OK	 
USER	Admins	END	1680508656811
REQUEST		Page 2	1680508657010	1680508657191	OK	 
REQUEST		Page 3	1680508657181	1680508657363	OK	 
USER	Users	END	1680508657369
USER	Users	END	1680508658374
REQUEST		Page 3	1680508658204	1680508658385	OK	 
USER	Users	END	1680508659396
